<?xml version="1.0" encoding="UTF-8"?>
<testng-results ignored="0" total="2" passed="2" failed="0" skipped="0">
  <reporter-output>
  </reporter-output>
  <suite started-at="2024-10-24T22:34:26 IST" name="All Test Suite" finished-at="2024-10-24T22:34:37 IST" duration-ms="10456">
    <groups>
    </groups>
    <test started-at="2024-10-24T22:34:26 IST" name="LoginTest" finished-at="2024-10-24T22:34:37 IST" duration-ms="10456">
      <class name="org.rvaidya.LoginTest.LoginTest">
        <test-method is-config="true" signature="setUp()[pri:0, instance:org.rvaidya.LoginTest.LoginTest@613a8ee1]" started-at="2024-10-24T22:34:26 IST" name="setUp" finished-at="2024-10-24T22:34:32 IST" duration-ms="5121" status="PASS">
          <reporter-output>
          </reporter-output>
        </test-method> <!-- setUp -->
        <test-method signature="testPageTitle()[pri:0, instance:org.rvaidya.LoginTest.LoginTest@613a8ee1]" started-at="2024-10-24T22:34:32 IST" name="testPageTitle" description="Verify page title" finished-at="2024-10-24T22:34:32 IST" duration-ms="14" status="PASS">
          <reporter-output>
          </reporter-output>
        </test-method> <!-- testPageTitle -->
        <test-method is-config="true" signature="tearDown()[pri:0, instance:org.rvaidya.LoginTest.LoginTest@613a8ee1]" started-at="2024-10-24T22:34:32 IST" name="tearDown" finished-at="2024-10-24T22:34:32 IST" duration-ms="261" status="PASS">
          <reporter-output>
          </reporter-output>
        </test-method> <!-- tearDown -->
        <test-method is-config="true" signature="setUp()[pri:0, instance:org.rvaidya.LoginTest.LoginTest@613a8ee1]" started-at="2024-10-24T22:34:32 IST" name="setUp" finished-at="2024-10-24T22:34:36 IST" duration-ms="4394" status="PASS">
          <reporter-output>
          </reporter-output>
        </test-method> <!-- setUp -->
        <test-method signature="testUsernameFieldIsDisplayed()[pri:0, instance:org.rvaidya.LoginTest.LoginTest@613a8ee1]" started-at="2024-10-24T22:34:36 IST" name="testUsernameFieldIsDisplayed" description="Verify username field is displayed" finished-at="2024-10-24T22:34:37 IST" duration-ms="392" status="PASS">
          <reporter-output>
          </reporter-output>
        </test-method> <!-- testUsernameFieldIsDisplayed -->
        <test-method is-config="true" signature="tearDown()[pri:0, instance:org.rvaidya.LoginTest.LoginTest@613a8ee1]" started-at="2024-10-24T22:34:37 IST" name="tearDown" finished-at="2024-10-24T22:34:37 IST" duration-ms="234" status="PASS">
          <reporter-output>
          </reporter-output>
        </test-method> <!-- tearDown -->
      </class> <!-- org.rvaidya.LoginTest.LoginTest -->
    </test> <!-- LoginTest -->
  </suite> <!-- All Test Suite -->
</testng-results>
