<?xml version="1.0" encoding="UTF-8"?>
<testng-results ignored="0" total="4" passed="3" failed="1" skipped="0">
  <reporter-output>
  </reporter-output>
  <suite started-at="2024-10-24T23:18:26 IST" name="All Test Suite" finished-at="2024-10-24T23:18:56 IST" duration-ms="29644">
    <groups>
    </groups>
    <test started-at="2024-10-24T23:18:26 IST" name="LoginTest" finished-at="2024-10-24T23:18:56 IST" duration-ms="29644">
      <class name="org.rvaidya.LoginTest.LoginTest">
        <test-method is-config="true" signature="setUp()[pri:0, instance:org.rvaidya.LoginTest.LoginTest@294e5088]" started-at="2024-10-24T23:18:26 IST" name="setUp" finished-at="2024-10-24T23:18:31 IST" duration-ms="5004" status="PASS">
          <reporter-output>
          </reporter-output>
        </test-method> <!-- setUp -->
        <test-method signature="testFieldsAreVisible()[pri:0, instance:org.rvaidya.LoginTest.LoginTest@294e5088]" started-at="2024-10-24T23:18:31 IST" name="testFieldsAreVisible" description="Verify fields are visible in the login page" finished-at="2024-10-24T23:18:32 IST" duration-ms="521" status="PASS">
          <reporter-output>
          </reporter-output>
        </test-method> <!-- testFieldsAreVisible -->
        <test-method is-config="true" signature="tearDown()[pri:0, instance:org.rvaidya.LoginTest.LoginTest@294e5088]" started-at="2024-10-24T23:18:32 IST" name="tearDown" finished-at="2024-10-24T23:18:35 IST" duration-ms="3753" status="PASS">
          <reporter-output>
          </reporter-output>
        </test-method> <!-- tearDown -->
        <test-method is-config="true" signature="setUp()[pri:0, instance:org.rvaidya.LoginTest.LoginTest@294e5088]" started-at="2024-10-24T23:18:35 IST" name="setUp" finished-at="2024-10-24T23:18:40 IST" duration-ms="4695" status="PASS">
          <reporter-output>
          </reporter-output>
        </test-method> <!-- setUp -->
        <test-method signature="testValidLogin()[pri:0, instance:org.rvaidya.LoginTest.LoginTest@294e5088]" started-at="2024-10-24T23:18:40 IST" name="testValidLogin" description="Verify user can successfully login" finished-at="2024-10-24T23:18:47 IST" duration-ms="7112" status="FAIL">
          <exception class="org.openqa.selenium.NoSuchElementException">
            <message>
              <![CDATA[no such element: Unable to locate element: {"method":"link text","selector":"Logout"}
  (Session info: chrome=130.0.6723.60)
For documentation on this error, please visit: https://www.selenium.dev/documentation/webdriver/troubleshooting/errors#no-such-element-exception
Build info: version: '4.23.1', revision: '656257d8e9'
System info: os.name: 'Windows 11', os.arch: 'amd64', os.version: '10.0', java.version: '17.0.12'
Driver info: org.openqa.selenium.chrome.ChromeDriver
Command: [1e2bc77df9b0f5558e67f2b4f0f58a6b, findElement {value=Logout, using=link text}]
Capabilities {acceptInsecureCerts: true, browserName: chrome, browserVersion: 130.0.6723.60, chrome: {chromedriverVersion: 130.0.6723.69 (3ec172b971b9..., userDataDir: C:\Users\rkvai\AppData\Loca...}, fedcm:accounts: true, goog:chromeOptions: {debuggerAddress: localhost:50858}, networkConnectionEnabled: false, pageLoadStrategy: normal, platformName: windows, proxy: Proxy(), se:cdp: ws://localhost:50858/devtoo..., se:cdpVersion: 130.0.6723.60, setWindowRect: true, strictFileInteractability: false, timeouts: {implicit: 0, pageLoad: 300000, script: 5000}, unhandledPromptBehavior: dismiss and notify, webauthn:extension:credBlob: true, webauthn:extension:largeBlob: true, webauthn:extension:minPinLength: true, webauthn:extension:prf: true, webauthn:virtualAuthenticators: true}
Session ID: 1e2bc77df9b0f5558e67f2b4f0f58a6b]]>
            </message>
            <full-stacktrace>
              <![CDATA[org.openqa.selenium.NoSuchElementException: no such element: Unable to locate element: {"method":"link text","selector":"Logout"}
  (Session info: chrome=130.0.6723.60)
For documentation on this error, please visit: https://www.selenium.dev/documentation/webdriver/troubleshooting/errors#no-such-element-exception
Build info: version: '4.23.1', revision: '656257d8e9'
System info: os.name: 'Windows 11', os.arch: 'amd64', os.version: '10.0', java.version: '17.0.12'
Driver info: org.openqa.selenium.chrome.ChromeDriver
Command: [1e2bc77df9b0f5558e67f2b4f0f58a6b, findElement {value=Logout, using=link text}]
Capabilities {acceptInsecureCerts: true, browserName: chrome, browserVersion: 130.0.6723.60, chrome: {chromedriverVersion: 130.0.6723.69 (3ec172b971b9..., userDataDir: C:\Users\rkvai\AppData\Loca...}, fedcm:accounts: true, goog:chromeOptions: {debuggerAddress: localhost:50858}, networkConnectionEnabled: false, pageLoadStrategy: normal, platformName: windows, proxy: Proxy(), se:cdp: ws://localhost:50858/devtoo..., se:cdpVersion: 130.0.6723.60, setWindowRect: true, strictFileInteractability: false, timeouts: {implicit: 0, pageLoad: 300000, script: 5000}, unhandledPromptBehavior: dismiss and notify, webauthn:extension:credBlob: true, webauthn:extension:largeBlob: true, webauthn:extension:minPinLength: true, webauthn:extension:prf: true, webauthn:virtualAuthenticators: true}
Session ID: 1e2bc77df9b0f5558e67f2b4f0f58a6b
at java.base/jdk.internal.reflect.NativeConstructorAccessorImpl.newInstance0(Native Method)
at java.base/jdk.internal.reflect.NativeConstructorAccessorImpl.newInstance(NativeConstructorAccessorImpl.java:77)
at java.base/jdk.internal.reflect.DelegatingConstructorAccessorImpl.newInstance(DelegatingConstructorAccessorImpl.java:45)
at java.base/java.lang.reflect.Constructor.newInstanceWithCaller(Constructor.java:500)
at java.base/java.lang.reflect.Constructor.newInstance(Constructor.java:481)
at org.openqa.selenium.remote.ErrorCodec.decode(ErrorCodec.java:167)
at org.openqa.selenium.remote.codec.w3c.W3CHttpResponseCodec.decode(W3CHttpResponseCodec.java:138)
at org.openqa.selenium.remote.codec.w3c.W3CHttpResponseCodec.decode(W3CHttpResponseCodec.java:50)
at org.openqa.selenium.remote.HttpCommandExecutor.execute(HttpCommandExecutor.java:190)
at org.openqa.selenium.remote.service.DriverCommandExecutor.invokeExecute(DriverCommandExecutor.java:216)
at org.openqa.selenium.remote.service.DriverCommandExecutor.execute(DriverCommandExecutor.java:174)
at org.openqa.selenium.remote.RemoteWebDriver.execute(RemoteWebDriver.java:545)
at org.openqa.selenium.remote.ElementLocation$ElementFinder$2.findElement(ElementLocation.java:165)
at org.openqa.selenium.remote.ElementLocation.findElement(ElementLocation.java:59)
at org.openqa.selenium.remote.RemoteWebDriver.findElement(RemoteWebDriver.java:368)
at org.openqa.selenium.remote.RemoteWebDriver.findElement(RemoteWebDriver.java:362)
at org.rvaidya.ui.DashboardPage.getUserLogout(DashboardPage.java:27)
at org.rvaidya.LoginTest.LoginTest.testValidLogin(LoginTest.java:43)
at java.base/jdk.internal.reflect.NativeMethodAccessorImpl.invoke0(Native Method)
at java.base/jdk.internal.reflect.NativeMethodAccessorImpl.invoke(NativeMethodAccessorImpl.java:77)
at java.base/jdk.internal.reflect.DelegatingMethodAccessorImpl.invoke(DelegatingMethodAccessorImpl.java:43)
at java.base/java.lang.reflect.Method.invoke(Method.java:569)
at org.testng.internal.invokers.MethodInvocationHelper.invokeMethod(MethodInvocationHelper.java:141)
at org.testng.internal.invokers.TestInvoker.invokeMethod(TestInvoker.java:686)
at org.testng.internal.invokers.TestInvoker.invokeTestMethod(TestInvoker.java:230)
at org.testng.internal.invokers.MethodRunner.runInSequence(MethodRunner.java:63)
at org.testng.internal.invokers.TestInvoker$MethodInvocationAgent.invoke(TestInvoker.java:992)
at org.testng.internal.invokers.TestInvoker.invokeTestMethods(TestInvoker.java:203)
at org.testng.internal.invokers.TestMethodWorker.invokeTestMethods(TestMethodWorker.java:154)
at org.testng.internal.invokers.TestMethodWorker.run(TestMethodWorker.java:134)
at java.base/java.util.concurrent.Executors$RunnableAdapter.call(Executors.java:539)
at java.base/java.util.concurrent.FutureTask.run(FutureTask.java:264)
at org.testng.internal.thread.graph.TestNGFutureTask.run(TestNGFutureTask.java:22)
at java.base/java.util.concurrent.ThreadPoolExecutor.runWorker(ThreadPoolExecutor.java:1136)
at java.base/java.util.concurrent.ThreadPoolExecutor$Worker.run(ThreadPoolExecutor.java:635)
at java.base/java.lang.Thread.run(Thread.java:840)
]]>
            </full-stacktrace>
          </exception> <!-- org.openqa.selenium.NoSuchElementException -->
          <reporter-output>
          </reporter-output>
        </test-method> <!-- testValidLogin -->
        <test-method is-config="true" signature="tearDown()[pri:0, instance:org.rvaidya.LoginTest.LoginTest@294e5088]" started-at="2024-10-24T23:18:47 IST" name="tearDown" finished-at="2024-10-24T23:18:50 IST" duration-ms="2663" status="PASS">
          <reporter-output>
          </reporter-output>
        </test-method> <!-- tearDown -->
      </class> <!-- org.rvaidya.LoginTest.LoginTest -->
      <class name="org.rvaidya.DashboardTest.DashboardTest">
        <test-method is-config="true" signature="setUp()[pri:0, instance:org.rvaidya.DashboardTest.DashboardTest@696f0212]" started-at="2024-10-24T23:18:26 IST" name="setUp" finished-at="2024-10-24T23:18:36 IST" duration-ms="9845" status="PASS">
          <reporter-output>
          </reporter-output>
        </test-method> <!-- setUp -->
        <test-method signature="verifyUpgradeButton()[pri:0, instance:org.rvaidya.DashboardTest.DashboardTest@696f0212]" started-at="2024-10-24T23:18:36 IST" name="verifyUpgradeButton" description="Verify dashboard has upgrade button visible" finished-at="2024-10-24T23:18:38 IST" duration-ms="1590" status="PASS">
          <reporter-output>
          </reporter-output>
        </test-method> <!-- verifyUpgradeButton -->
        <test-method is-config="true" signature="setUp()[pri:0, instance:org.rvaidya.DashboardTest.DashboardTest@696f0212]" started-at="2024-10-24T23:18:38 IST" name="setUp" finished-at="2024-10-24T23:18:55 IST" duration-ms="17267" status="PASS">
          <reporter-output>
          </reporter-output>
        </test-method> <!-- setUp -->
        <test-method signature="verifyUserLogoutVisible()[pri:0, instance:org.rvaidya.DashboardTest.DashboardTest@696f0212]" started-at="2024-10-24T23:18:55 IST" name="verifyUserLogoutVisible" description="Verify dashboard logout button is visible" finished-at="2024-10-24T23:18:56 IST" duration-ms="911" status="PASS">
          <reporter-output>
          </reporter-output>
        </test-method> <!-- verifyUserLogoutVisible -->
      </class> <!-- org.rvaidya.DashboardTest.DashboardTest -->
    </test> <!-- LoginTest -->
  </suite> <!-- All Test Suite -->
</testng-results>
